<?xml version="1.0" encoding="UTF-8"?>
<testng-results skipped="0" failed="0" ignored="0" total="2" passed="2">
  <reporter-output>
  </reporter-output>
  <suite name="Default suite" duration-ms="22" started-at="2017-01-25T15:37:05Z" finished-at="2017-01-25T15:37:05Z">
    <groups>
    </groups>
    <test name="Default test" duration-ms="22" started-at="2017-01-25T15:37:05Z" finished-at="2017-01-25T15:37:05Z">
      <class name="calculette.CalculetteTest">
        <test-method status="PASS" signature="setUp()[pri:0, instance:calculette.CalculetteTest@5d5eef3d]" name="setUp" is-config="true" duration-ms="6" started-at="2017-01-25T16:37:05Z" finished-at="2017-01-25T16:37:05Z">
          <reporter-output>
          </reporter-output>
        </test-method> <!-- setUp -->
        <test-method status="PASS" signature="testAjouter()[pri:0, instance:calculette.CalculetteTest@5d5eef3d]" name="testAjouter" duration-ms="4" started-at="2017-01-25T16:37:05Z" finished-at="2017-01-25T16:37:05Z">
          <reporter-output>
          </reporter-output>
        </test-method> <!-- testAjouter -->
        <test-method status="PASS" signature="testSoustraire()[pri:0, instance:calculette.CalculetteTest@5d5eef3d]" name="testSoustraire" duration-ms="1" started-at="2017-01-25T16:37:05Z" finished-at="2017-01-25T16:37:05Z">
          <reporter-output>
          </reporter-output>
        </test-method> <!-- testSoustraire -->
        <test-method status="PASS" signature="tearDown()[pri:0, instance:calculette.CalculetteTest@5d5eef3d]" name="tearDown" is-config="true" duration-ms="0" started-at="2017-01-25T16:37:05Z" finished-at="2017-01-25T16:37:05Z">
          <reporter-output>
          </reporter-output>
        </test-method> <!-- tearDown -->
      </class> <!-- calculette.CalculetteTest -->
    </test> <!-- Default test -->
  </suite> <!-- Default suite -->
</testng-results>
